This is pdfTeX, Version 3.1415926-2.5-1.40.14 (TeX Live 2013) (format=pdflatex 2014.1.13)  8 APR 2014 11:31
entering extended mode
 restricted \write18 enabled.
 %&-line parsing enabled.
**rapport.tex
(./rapport.tex
LaTeX2e <2011/06/27>
Babel <3.9f> and hyphenation patterns for 78 languages loaded.
(/usr/local/texlive/2013/texmf-dist/tex/latex/base/report.cls
Document Class: report 2007/10/19 v1.4h Standard LaTeX document class
(/usr/local/texlive/2013/texmf-dist/tex/latex/base/size12.clo
File: size12.clo 2007/10/19 v1.4h Standard LaTeX file (size option)
)
\c@part=\count79
\c@chapter=\count80
\c@section=\count81
\c@subsection=\count82
\c@subsubsection=\count83
\c@paragraph=\count84
\c@subparagraph=\count85
\c@figure=\count86
\c@table=\count87
\abovecaptionskip=\skip41
\belowcaptionskip=\skip42
\bibindent=\dimen102
)
(/usr/local/texlive/2013/texmf-dist/tex/latex/base/fontenc.sty
Package: fontenc 2005/09/27 v1.99g Standard LaTeX package

(/usr/local/texlive/2013/texmf-dist/tex/latex/base/t1enc.def
File: t1enc.def 2005/09/27 v1.99g Standard LaTeX file
LaTeX Font Info:    Redeclaring font encoding T1 on input line 43.
))
(/usr/local/texlive/2013/texmf-dist/tex/latex/base/inputenc.sty
Package: inputenc 2008/03/30 v1.1d Input encoding file
\inpenc@prehook=\toks14
\inpenc@posthook=\toks15

(/usr/local/texlive/2013/texmf-dist/tex/latex/ucs/utf8x.def
File: utf8x.def 2004/10/17 UCS: Input encoding UTF-8
))
(/usr/local/texlive/2013/texmf-dist/tex/latex/ucs/ucs.sty
Package: ucs 2013/05/11 v2.2 UCS: Unicode input support

(/usr/local/texlive/2013/texmf-dist/tex/latex/ucs/data/uni-global.def
File: uni-global.def 2013/05/13 UCS: Unicode global data
)
\uc@secondtry=\count88
\uc@combtoks=\toks16
\uc@combtoksb=\toks17
\uc@temptokena=\toks18
)
(/usr/local/texlive/2013/texmf-dist/tex/generic/babel/babel.sty
Package: babel 2013/05/16 v3.9f The Babel package

(/usr/local/texlive/2013/texmf-dist/tex/generic/babel-french/frenchb.ldf
Language: frenchb 2013/05/20 v2.6c French support from the babel system

(/usr/local/texlive/2013/texmf-dist/tex/generic/babel/babel.def
File: babel.def 2013/05/16 v3.9f Babel common definitions
\babel@savecnt=\count89
\U@D=\dimen103
)
\FB@interchartokenstateORI=\count90
Package babel Info: Making : an active character on input line 240.
Package babel Info: Making ; an active character on input line 241.
Package babel Info: Making ! an active character on input line 242.
Package babel Info: Making ? an active character on input line 243.
\FB@Mht=\dimen104
\std@mcc=\count91
\dec@mcc=\count92
\listindentFB=\skip43
\labelwidthFB=\skip44
\leftmarginFB=\skip45
\parindentFFN=\dimen105
))
(/usr/local/texlive/2013/texmf-dist/tex/latex/carlisle/scalefnt.sty)
(/usr/local/texlive/2013/texmf-dist/tex/latex/graphics/keyval.sty
Package: keyval 1999/03/16 v1.13 key=value parser (DPC)
\KV@toks@=\toks19
)
(/usr/local/texlive/2013/texmf-dist/tex/latex/url/url.sty
\Urlmuskip=\muskip10
Package: url 2006/04/12  ver 3.3  Verb mode for urls, etc.
)
(/usr/local/texlive/2013/texmf-dist/tex/latex/float/float.sty
Package: float 2001/11/08 v1.3d Float enhancements (AL)
\c@float@type=\count93
\float@exts=\toks20
\float@box=\box26
\@float@everytoks=\toks21
\@floatcapt=\box27
)
(/usr/local/texlive/2013/texmf-dist/tex/latex/graphics/graphicx.sty
Package: graphicx 1999/02/16 v1.0f Enhanced LaTeX Graphics (DPC,SPQR)

(/usr/local/texlive/2013/texmf-dist/tex/latex/graphics/graphics.sty
Package: graphics 2009/02/05 v1.0o Standard LaTeX Graphics (DPC,SPQR)

(/usr/local/texlive/2013/texmf-dist/tex/latex/graphics/trig.sty
Package: trig 1999/03/16 v1.09 sin cos tan (DPC)
)
(/usr/local/texlive/2013/texmf-dist/tex/latex/latexconfig/graphics.cfg
File: graphics.cfg 2010/04/23 v1.9 graphics configuration of TeX Live
)
Package graphics Info: Driver file: pdftex.def on input line 91.

(/usr/local/texlive/2013/texmf-dist/tex/latex/pdftex-def/pdftex.def
File: pdftex.def 2011/05/27 v0.06d Graphics/color for pdfTeX

(/usr/local/texlive/2013/texmf-dist/tex/generic/oberdiek/infwarerr.sty
Package: infwarerr 2010/04/08 v1.3 Providing info/warning/error messages (HO)
)
(/usr/local/texlive/2013/texmf-dist/tex/generic/oberdiek/ltxcmds.sty
Package: ltxcmds 2011/11/09 v1.22 LaTeX kernel commands for general use (HO)
)
\Gread@gobject=\count94
))
\Gin@req@height=\dimen106
\Gin@req@width=\dimen107
)
(/usr/local/texlive/2013/texmf-dist/tex/latex/appendix/appendix.sty
Package: appendix 2009/09/02 v1.2b extra appendix facilities
\c@@pps=\count95
\c@@ppsavesec=\count96
\c@@ppsaveapp=\count97
)
(/usr/local/texlive/2013/texmf-dist/tex/latex/a4wide/a4wide.sty
Package: a4wide 1994/08/30

(/usr/local/texlive/2013/texmf-dist/tex/latex/ntgclass/a4.sty
Package: a4 2004/04/15 v1.2g A4 based page layout
))
(/usr/local/texlive/2013/texmf-dist/tex/latex/listings/listings.sty
\lst@mode=\count98
\lst@gtempboxa=\box28
\lst@token=\toks22
\lst@length=\count99
\lst@currlwidth=\dimen108
\lst@column=\count100
\lst@pos=\count101
\lst@lostspace=\dimen109
\lst@width=\dimen110
\lst@newlines=\count102
\lst@lineno=\count103
\lst@maxwidth=\dimen111

(/usr/local/texlive/2013/texmf-dist/tex/latex/listings/lstmisc.sty
File: lstmisc.sty 2007/02/22 1.4 (Carsten Heinz)
\c@lstnumber=\count104
\lst@skipnumbers=\count105
\lst@framebox=\box29
)
(/usr/local/texlive/2013/texmf-dist/tex/latex/listings/listings.cfg
File: listings.cfg 2007/02/22 1.4 listings configuration
))
Package: listings 2007/02/22 1.4 (Carsten Heinz)

(/usr/local/texlive/2013/texmf-dist/tex/latex/hyperref/hyperref.sty
Package: hyperref 2012/11/06 v6.83m Hypertext links for LaTeX

(/usr/local/texlive/2013/texmf-dist/tex/generic/oberdiek/hobsub-hyperref.sty
Package: hobsub-hyperref 2012/05/28 v1.13 Bundle oberdiek, subset hyperref (HO)


(/usr/local/texlive/2013/texmf-dist/tex/generic/oberdiek/hobsub-generic.sty
Package: hobsub-generic 2012/05/28 v1.13 Bundle oberdiek, subset generic (HO)
Package: hobsub 2012/05/28 v1.13 Construct package bundles (HO)
Package hobsub Info: Skipping package `infwarerr' (already loaded).
Package hobsub Info: Skipping package `ltxcmds' (already loaded).
Package: ifluatex 2010/03/01 v1.3 Provides the ifluatex switch (HO)
Package ifluatex Info: LuaTeX not detected.
Package: ifvtex 2010/03/01 v1.5 Detect VTeX and its facilities (HO)
Package ifvtex Info: VTeX not detected.
Package: intcalc 2007/09/27 v1.1 Expandable calculations with integers (HO)
Package: ifpdf 2011/01/30 v2.3 Provides the ifpdf switch (HO)
Package ifpdf Info: pdfTeX in PDF mode is detected.
Package: etexcmds 2011/02/16 v1.5 Avoid name clashes with e-TeX commands (HO)
Package etexcmds Info: Could not find \expanded.
(etexcmds)             That can mean that you are not using pdfTeX 1.50 or
(etexcmds)             that some package has redefined \expanded.
(etexcmds)             In the latter case, load this package earlier.
Package: kvsetkeys 2012/04/25 v1.16 Key value parser (HO)
Package: kvdefinekeys 2011/04/07 v1.3 Define keys (HO)
Package: pdftexcmds 2011/11/29 v0.20 Utility functions of pdfTeX for LuaTeX (HO
)
Package pdftexcmds Info: LuaTeX not detected.
Package pdftexcmds Info: \pdf@primitive is available.
Package pdftexcmds Info: \pdf@ifprimitive is available.
Package pdftexcmds Info: \pdfdraftmode found.
Package: pdfescape 2011/11/25 v1.13 Implements pdfTeX's escape features (HO)
Package: bigintcalc 2012/04/08 v1.3 Expandable calculations on big integers (HO
)
Package: bitset 2011/01/30 v1.1 Handle bit-vector datatype (HO)
Package: uniquecounter 2011/01/30 v1.2 Provide unlimited unique counter (HO)
)
Package hobsub Info: Skipping package `hobsub' (already loaded).
Package: letltxmacro 2010/09/02 v1.4 Let assignment for LaTeX macros (HO)
Package: hopatch 2012/05/28 v1.2 Wrapper for package hooks (HO)
Package: xcolor-patch 2011/01/30 xcolor patch
Package: atveryend 2011/06/30 v1.8 Hooks at the very end of document (HO)
Package atveryend Info: \enddocument detected (standard20110627).
Package: atbegshi 2011/10/05 v1.16 At begin shipout hook (HO)
Package: refcount 2011/10/16 v3.4 Data extraction from label references (HO)
Package: hycolor 2011/01/30 v1.7 Color options for hyperref/bookmark (HO)
)
(/usr/local/texlive/2013/texmf-dist/tex/generic/ifxetex/ifxetex.sty
Package: ifxetex 2010/09/12 v0.6 Provides ifxetex conditional
)
(/usr/local/texlive/2013/texmf-dist/tex/latex/oberdiek/auxhook.sty
Package: auxhook 2011/03/04 v1.3 Hooks for auxiliary files (HO)
)
(/usr/local/texlive/2013/texmf-dist/tex/latex/oberdiek/kvoptions.sty
Package: kvoptions 2011/06/30 v3.11 Key value format for package options (HO)
)
\@linkdim=\dimen112
\Hy@linkcounter=\count106
\Hy@pagecounter=\count107

(/usr/local/texlive/2013/texmf-dist/tex/latex/hyperref/pd1enc.def
File: pd1enc.def 2012/11/06 v6.83m Hyperref: PDFDocEncoding definition (HO)
)
\Hy@SavedSpaceFactor=\count108

(/usr/local/texlive/2013/texmf-dist/tex/latex/latexconfig/hyperref.cfg
File: hyperref.cfg 2002/06/06 v1.2 hyperref configuration of TeXLive
)
Package hyperref Info: Option `colorlinks' set `true' on input line 4319.
Package hyperref Info: Hyper figures OFF on input line 4443.
Package hyperref Info: Link nesting OFF on input line 4448.
Package hyperref Info: Hyper index ON on input line 4451.
Package hyperref Info: Plain pages OFF on input line 4458.
Package hyperref Info: Backreferencing OFF on input line 4463.
Package hyperref Info: Implicit mode ON; LaTeX internals redefined.
Package hyperref Info: Bookmarks ON on input line 4688.
\c@Hy@tempcnt=\count109
LaTeX Info: Redefining \url on input line 5041.
\XeTeXLinkMargin=\dimen113
\Fld@menulength=\count110
\Field@Width=\dimen114
\Fld@charsize=\dimen115
Package hyperref Info: Hyper figures OFF on input line 6295.
Package hyperref Info: Link nesting OFF on input line 6300.
Package hyperref Info: Hyper index ON on input line 6303.
Package hyperref Info: backreferencing OFF on input line 6310.
Package hyperref Info: Link coloring ON on input line 6313.
Package hyperref Info: Link coloring with OCG OFF on input line 6320.
Package hyperref Info: PDF/A mode OFF on input line 6325.
LaTeX Info: Redefining \ref on input line 6365.
LaTeX Info: Redefining \pageref on input line 6369.
\Hy@abspage=\count111
\c@Item=\count112
\c@Hfootnote=\count113
)

Package hyperref Message: Driver (autodetected): hpdftex.

(/usr/local/texlive/2013/texmf-dist/tex/latex/hyperref/hpdftex.def
File: hpdftex.def 2012/11/06 v6.83m Hyperref driver for pdfTeX
\Fld@listcount=\count114
\c@bookmark@seq@number=\count115

(/usr/local/texlive/2013/texmf-dist/tex/latex/oberdiek/rerunfilecheck.sty
Package: rerunfilecheck 2011/04/15 v1.7 Rerun checks for auxiliary files (HO)
Package uniquecounter Info: New unique counter `rerunfilecheck' on input line 2
82.
)
\Hy@SectionHShift=\skip46
)
(./rapport.aux)
\openout1 = `rapport.aux'.

LaTeX Font Info:    Checking defaults for OML/cmm/m/it on input line 23.
LaTeX Font Info:    ... okay on input line 23.
LaTeX Font Info:    Checking defaults for T1/cmr/m/n on input line 23.
LaTeX Font Info:    ... okay on input line 23.
LaTeX Font Info:    Checking defaults for OT1/cmr/m/n on input line 23.
LaTeX Font Info:    ... okay on input line 23.
LaTeX Font Info:    Checking defaults for OMS/cmsy/m/n on input line 23.
LaTeX Font Info:    ... okay on input line 23.
LaTeX Font Info:    Checking defaults for OMX/cmex/m/n on input line 23.
LaTeX Font Info:    ... okay on input line 23.
LaTeX Font Info:    Checking defaults for U/cmr/m/n on input line 23.
LaTeX Font Info:    ... okay on input line 23.
LaTeX Font Info:    Checking defaults for PD1/pdf/m/n on input line 23.
LaTeX Font Info:    ... okay on input line 23.
 (/usr/local/texlive/2013/texmf-dist/tex/latex/ucs/ucsencs.def
File: ucsencs.def 2011/01/21 Fixes to fontencodings LGR, T3
)
LaTeX Info: Redefining \degres on input line 23.
LaTeX Info: Redefining \dots on input line 23.
LaTeX Info: Redefining \up on input line 23.

(/usr/local/texlive/2013/texmf-dist/tex/context/base/supp-pdf.mkii
[Loading MPS to PDF converter (version 2006.09.02).]
\scratchcounter=\count116
\scratchdimen=\dimen116
\scratchbox=\box30
\nofMPsegments=\count117
\nofMParguments=\count118
\everyMPshowfont=\toks23
\MPscratchCnt=\count119
\MPscratchDim=\dimen117
\MPnumerator=\count120
\makeMPintoPDFobject=\count121
\everyMPtoPDFconversion=\toks24
) (/usr/local/texlive/2013/texmf-dist/tex/latex/oberdiek/epstopdf-base.sty
Package: epstopdf-base 2010/02/09 v2.5 Base part for package epstopdf

(/usr/local/texlive/2013/texmf-dist/tex/latex/oberdiek/grfext.sty
Package: grfext 2010/08/19 v1.1 Manage graphics extensions (HO)
)
Package grfext Info: Graphics extension search list:
(grfext)             [.png,.pdf,.jpg,.mps,.jpeg,.jbig2,.jb2,.PNG,.PDF,.JPG,.JPE
G,.JBIG2,.JB2,.eps]
(grfext)             \AppendGraphicsExtensions on input line 452.

(/usr/local/texlive/2013/texmf-dist/tex/latex/latexconfig/epstopdf-sys.cfg
File: epstopdf-sys.cfg 2010/07/13 v1.3 Configuration of (r)epstopdf for TeX Liv
e
))
\c@lstlisting=\count122
\AtBeginShipoutBox=\box31

(/usr/local/texlive/2013/texmf-dist/tex/latex/graphics/color.sty
Package: color 2005/11/14 v1.0j Standard LaTeX Color (DPC)

(/usr/local/texlive/2013/texmf-dist/tex/latex/latexconfig/color.cfg
File: color.cfg 2007/01/18 v1.5 color configuration of teTeX/TeXLive
)
Package color Info: Driver file: pdftex.def on input line 130.
)
Package hyperref Info: Link coloring ON on input line 23.

(/usr/local/texlive/2013/texmf-dist/tex/latex/hyperref/nameref.sty
Package: nameref 2012/10/27 v2.43 Cross-referencing by name of section

(/usr/local/texlive/2013/texmf-dist/tex/generic/oberdiek/gettitlestring.sty
Package: gettitlestring 2010/12/03 v1.4 Cleanup title references (HO)
)
\c@section@level=\count123
)
LaTeX Info: Redefining \ref on input line 23.
LaTeX Info: Redefining \pageref on input line 23.
LaTeX Info: Redefining \nameref on input line 23.

(./rapport.out) (./rapport.out)
\@outlinefile=\write3
\openout3 = `rapport.out'.


(/usr/local/texlive/2013/texmf-dist/tex/latex/ucs/data/uni-0.def
File: uni-0.def 2013/05/13 UCS: Unicode data U+0000..U+00FF
)
LaTeX Font Info:    External font `cmex10' loaded for size
(Font)              <14.4> on input line 38.
LaTeX Font Info:    External font `cmex10' loaded for size
(Font)              <7> on input line 38.
 [1

{/usr/local/texlive/2013/texmf-var/fonts/map/pdftex/updmap/pdftex.map}]
LaTeX Font Info:    Try loading font information for OMS+cmr on input line 42.

(/usr/local/texlive/2013/texmf-dist/tex/latex/base/omscmr.fd
File: omscmr.fd 1999/05/25 v2.5h Standard LaTeX font definitions
)
LaTeX Font Info:    Font shape `OMS/cmr/m/n' in size <12> not available
(Font)              Font shape `OMS/cmsy/m/n' tried instead on input line 42.

(/usr/local/texlive/2013/texmf-dist/tex/latex/ucs/data/uni-32.def
File: uni-32.def 2013/05/13 UCS: Unicode data U+2000..U+20FF
)pdfTeX warning (ext4): destination with the same identifier (name{page.1}) has
 been already used, duplicate ignored
<to be read again> 
                   \relax 
l.47 \end{remerciements}
                         [1]pdfTeX warning (ext4): destination with the same id
entifier (name{page.1}) has been already used, duplicate ignored
<to be read again> 
                   \relax 
l.55 \end{abstract}
                    [1] (./rapport.toc
LaTeX Font Info:    External font `cmex10' loaded for size
(Font)              <12> on input line 4.
LaTeX Font Info:    External font `cmex10' loaded for size
(Font)              <8> on input line 4.
LaTeX Font Info:    External font `cmex10' loaded for size
(Font)              <6> on input line 4.
pdfTeX warning (ext4): destination with the same identifier (name{page.1}) has 
been already used, duplicate ignored
<to be read again> 
                   \relax 
l.43 ...stionnaire de Temps}{21}{subsection.3.1.6}
                                                   [1

] [2])
\tf@toc=\write4
\openout4 = `rapport.toc'.

 [3] [4

]
Chapitre 1.
(./Existant/analyse.tex [5

]) [6]
Chapitre 2.
(./Besoins/besoins.tex [7

] [8]

Package frenchb.ldf Warning: Degrees would look better in TS1-encoding: 
(frenchb.ldf)                add \usepackage{textcomp} to the preamble. 
(frenchb.ldf)                Degrees used on input line 61.

[9] [10]
Overfull \hbox (5.61768pt too wide) in paragraph at lines 138--139
[]\T1/cmr/m/n/12 Faire jouer des per-sonnes in-con-nues au pro-jet, des per-son
nes ne connais-
 []

[11]
Underfull \hbox (badness 10000) in paragraph at lines 169--171

 []


Underfull \hbox (badness 10000) in paragraph at lines 174--175

 []


Underfull \hbox (badness 10000) in paragraph at lines 179--180

 []


Underfull \hbox (badness 10000) in paragraph at lines 181--182

 []

[12]
Underfull \hbox (badness 10000) in paragraph at lines 185--186

 []


Underfull \hbox (badness 10000) in paragraph at lines 187--188

 []

LaTeX Font Info:    Try loading font information for T1+cmtt on input line 189.

(/usr/local/texlive/2013/texmf-dist/tex/latex/base/t1cmtt.fd
File: t1cmtt.fd 1999/05/25 v2.5h Standard LaTeX font definitions
)
Underfull \hbox (badness 10000) in paragraph at lines 189--190

 []


Underfull \hbox (badness 10000) in paragraph at lines 191--192

 []

[13] <Besoins/gantt.png, id=559, 986.18437pt x 292.09125pt>
File: Besoins/gantt.png Graphic file (type png)

<use Besoins/gantt.png>
Package pdftex.def Info: Besoins/gantt.png used on input line 206.
(pdftex.def)             Requested size: 473.36311pt x 140.2022pt.

Overfull \hbox (12.64188pt too wide) in paragraph at lines 206--207
[][] 
 []


Overfull \hbox (266.62138pt too wide) in paragraph at lines 233--233
[][] 
 []

[14 <./Besoins/gantt.png>]) [15]
Chapitre 3.
(./Architecture/architecture.tex
<Architecture/DiagrammeDependances.png, id=583, 704.6325pt x 404.26031pt>
File: Architecture/DiagrammeDependances.png Graphic file (type png)

<use Architecture/DiagrammeDependances.png>
Package pdftex.def Info: Architecture/DiagrammeDependances.png used on input li
ne 16.
(pdftex.def)             Requested size: 450.96327pt x 258.72571pt.
 [16

]
<Architecture/ArtificialIntelligenceLight.png, id=593, 935.74594pt x 490.83376p
t>
File: Architecture/ArtificialIntelligenceLight.png Graphic file (type png)
 <use Architecture/ArtificialIntelligenceLight.png>
Package pdftex.def Info: Architecture/ArtificialIntelligenceLight.png used on i
nput line 37.
(pdftex.def)             Requested size: 449.15295pt x 235.59752pt.
 [17 <./Architecture/DiagrammeDependances.png>]
<Architecture/FilesManagerLight.png, id=600, 438.8897pt x 325.96782pt>
File: Architecture/FilesManagerLight.png Graphic file (type png)

<use Architecture/FilesManagerLight.png>
Package pdftex.def Info: Architecture/FilesManagerLight.png used on input line 
54.
(pdftex.def)             Requested size: 438.88863pt x 325.96701pt.
 [18 <./Architecture/ArtificialIntelligenceLight.png>]
<Architecture/BoardPublisherLight.png, id=607, 776.9025pt x 208.52907pt>
File: Architecture/BoardPublisherLight.png Graphic file (type png)

<use Architecture/BoardPublisherLight.png>
Package pdftex.def Info: Architecture/BoardPublisherLight.png used on input lin
e 68.
(pdftex.def)             Requested size: 450.60376pt x 120.94693pt.
 [19 <./Architecture/FilesManagerLight.png>] <Architecture/BenchMark.png, id=61
5, 450.9347pt x 259.7203pt>
File: Architecture/BenchMark.png Graphic file (type png)

<use Architecture/BenchMark.png>
Package pdftex.def Info: Architecture/BenchMark.png used on input line 83.
(pdftex.def)             Requested size: 450.9336pt x 259.71967pt.
 [20 <./Architecture/BoardPublisherLight.png>]
<Architecture/PdpTimerLight.png, id=623, 323.70938pt x 209.28188pt>
File: Architecture/PdpTimerLight.png Graphic file (type png)

<use Architecture/PdpTimerLight.png>
Package pdftex.def Info: Architecture/PdpTimerLight.png used on input line 98.
(pdftex.def)             Requested size: 275.15427pt x 177.89041pt.
) [21 <./Architecture/BenchMark.png>]
[22 <./Architecture/PdpTimerLight.png>] [23] [24]
<Images/positionnement.png, id=648, 718.685pt x 718.685pt>
File: Images/positionnement.png Graphic file (type png)

<use Images/positionnement.png>
Package pdftex.def Info: Images/positionnement.png used on input line 168.
(pdftex.def)             Requested size: 143.73445pt x 143.73445pt.

<Images/positionnement2.png, id=650, 718.685pt x 718.685pt>
File: Images/positionnement2.png Graphic file (type png)

<use Images/positionnement2.png>
Package pdftex.def Info: Images/positionnement2.png used on input line 178.
(pdftex.def)             Requested size: 143.73445pt x 143.73445pt.
 [25 <./Images/positionnement.png>] [26 <./Images/positionnement2.png>] <Images
/minimax.png, id=665, 501.875pt x 220.825pt>
File: Images/minimax.png Graphic file (type png)

<use Images/minimax.png>
Package pdftex.def Info: Images/minimax.png used on input line 205.
(pdftex.def)             Requested size: 401.50053pt x 176.66022pt.

Underfull \hbox (badness 10000) in paragraph at lines 210--211

 []


Underfull \hbox (badness 10000) in paragraph at lines 212--213

 []

<Images/alphabeta.png, id=668, 1216.545pt x 617.30624pt>
File: Images/alphabeta.png Graphic file (type png)

<use Images/alphabeta.png>
Package pdftex.def Info: Images/alphabeta.png used on input line 223.
(pdftex.def)             Requested size: 364.96632pt x 185.1933pt.
 [27 <./Images/minimax.png>]
Underfull \hbox (badness 10000) in paragraph at lines 229--230

 []


Underfull \hbox (badness 10000) in paragraph at lines 231--232

 []

[28 <./Images/alphabeta.png>]
Chapitre 4.
<Images/initialisation.png, id=687, 534.99875pt x 318.18875pt>
File: Images/initialisation.png Graphic file (type png)

<use Images/initialisation.png>
Package pdftex.def Info: Images/initialisation.png used on input line 259.
(pdftex.def)             Requested size: 321.00172pt x 190.9147pt.
 [29

]
<Images/benchmark.png, id=694, 391.4625pt x 215.80624pt>
File: Images/benchmark.png Graphic file (type png)

<use Images/benchmark.png>
Package pdftex.def Info: Images/benchmark.png used on input line 268.
(pdftex.def)             Requested size: 391.46153pt x 215.80571pt.
 <Images/debut.png, id=696, 1549.79pt x 967.615pt>
File: Images/debut.png Graphic file (type png)

<use Images/debut.png>
Package pdftex.def Info: Images/debut.png used on input line 277.
(pdftex.def)             Requested size: 309.95251pt x 193.51958pt.
 [30 <./Images/initialisation.png> <./Images/benchmark.png>] <Images/cours.png,
 id=705, 1549.79pt x 967.615pt>
File: Images/cours.png Graphic file (type png)
 <use Images/cours.png>
Package pdftex.def Info: Images/cours.png used on input line 286.
(pdftex.def)             Requested size: 309.95251pt x 193.51958pt.

<Images/sliderevenir.png, id=707, 1406.25375pt x 882.29625pt>
File: Images/sliderevenir.png Graphic file (type png)

<use Images/sliderevenir.png>
Package pdftex.def Info: Images/sliderevenir.png used on input line 295.
(pdftex.def)             Requested size: 421.87938pt x 264.69092pt.
 [31 <./Images/debut.png> <./Images/cours.png>]
<Images/ExempleBP.png, id=716, 1392.70313pt x 528.47438pt>
File: Images/ExempleBP.png Graphic file (type png)

<use Images/ExempleBP.png>
Package pdftex.def Info: Images/ExempleBP.png used on input line 315.
(pdftex.def)             Requested size: 459.59346pt x 174.39708pt.
 [32 <./Images/sliderevenir.png>] [33 <./Images/ExempleBP.png>] [34] [35] [36] 
[37] (./rapport.bbl [38

] [39

]) [40] [41

]
Annexe A.
<Besoins/plateau.jpg, id=791, 4143.48pt x 2330.7075pt>
File: Besoins/plateau.jpg Graphic file (type jpg)

<use Besoins/plateau.jpg>
Package pdftex.def Info: Besoins/plateau.jpg used on input line 455.
(pdftex.def)             Requested size: 414.37227pt x 233.0844pt.

Overfull \hbox (1.5511pt too wide) in paragraph at lines 461--461
[]\T1/cmr/bx/n/17.28 Prototype pa-pier du re-tour en ar-rière pour les coups 
 []

<Besoins/position.jpg, id=792, 4143.48pt x 2330.7075pt>
File: Besoins/position.jpg Graphic file (type jpg)

<use Besoins/position.jpg>
Package pdftex.def Info: Besoins/position.jpg used on input line 465.
(pdftex.def)             Requested size: 414.37227pt x 233.0844pt.
 [42

 <./Besoins/plateau.jpg>]
<Besoins/boutons.jpg, id=797, 4143.48pt x 2330.7075pt>
File: Besoins/boutons.jpg Graphic file (type jpg)

<use Besoins/boutons.jpg>
Package pdftex.def Info: Besoins/boutons.jpg used on input line 474.
(pdftex.def)             Requested size: 414.37227pt x 233.0844pt.
 [43 <./Besoins/position.jpg> <./Besoins/boutons.jpg>]
Annexe B.
<Besoins/MachineEtat.png, id=804, 612.78937pt x 474.27188pt>
File: Besoins/MachineEtat.png Graphic file (type png)

<use Besoins/MachineEtat.png>
Package pdftex.def Info: Besoins/MachineEtat.png used on input line 485.
(pdftex.def)             Requested size: 428.94963pt x 331.98805pt.

<Besoins/DeploymentDiagram.png, id=805, 593.96906pt x 350.05782pt>
File: Besoins/DeploymentDiagram.png Graphic file (type png)

<use Besoins/DeploymentDiagram.png>
Package pdftex.def Info: Besoins/DeploymentDiagram.png used on input line 493.
(pdftex.def)             Requested size: 457.35759pt x 269.54533pt.
 [44

 <./Besoins/MachineEtat.png>]
<Besoins/Othello_Uses_Cases.png, id=812, 707.64375pt x 414.79968pt>
File: Besoins/Othello_Uses_Cases.png Graphic file (type png)

<use Besoins/Othello_Uses_Cases.png>
Package pdftex.def Info: Besoins/Othello_Uses_Cases.png used on input line 501.

(pdftex.def)             Requested size: 459.963pt x 269.6166pt.
 [45 <./Besoins/DeploymentDiagram.png>]
<Kernel/Pack_com_model.png, id=820, 873.2625pt x 1611.01875pt>
File: Kernel/Pack_com_model.png Graphic file (type png)

<use Kernel/Pack_com_model.png>
Package pdftex.def Info: Kernel/Pack_com_model.png used on input line 512.
(pdftex.def)             Requested size: 279.4497pt x 515.53654pt.
 [46 <./Besoins/Othello_Uses_Cases.png>]
<Kernel/Pack_com_model_io.png, id=828, 688.82344pt x 329.73187pt>
File: Kernel/Pack_com_model_io.png Graphic file (type png)

<use Kernel/Pack_com_model_io.png>
Package pdftex.def Info: Kernel/Pack_com_model_io.png used on input line 519.
(pdftex.def)             Requested size: 447.72993pt x 214.32317pt.
 [47 <./Kernel/Pack_com_model.png>]
<Kernel/Pack_com_model_player.png, id=835, 631.60968pt x 292.09125pt>
File: Kernel/Pack_com_model_player.png Graphic file (type png)

<use Kernel/Pack_com_model_player.png>
Package pdftex.def Info: Kernel/Pack_com_model_player.png used on input line 52
6.
(pdftex.def)             Requested size: 442.12376pt x 204.46246pt.

<Kernel/Pack_com_model_piece.png, id=836, 502.87875pt x 1087.06125pt>
File: Kernel/Pack_com_model_piece.png Graphic file (type png)

<use Kernel/Pack_com_model_piece.png>
Package pdftex.def Info: Kernel/Pack_com_model_piece.png used on input line 533
.
(pdftex.def)             Requested size: 271.55048pt x 587.00433pt.
 [48 <./Kernel/Pack_com_model_io.png> <./Kernel/Pack_com_model_player.png>]
<Kernel/Pack_com_model_view.png, id=845, 353.82187pt x 913.16156pt>
File: Kernel/Pack_com_model_view.png Graphic file (type png)

<use Kernel/Pack_com_model_view.png>
Package pdftex.def Info: Kernel/Pack_com_model_view.png used on input line 540.

(pdftex.def)             Requested size: 229.98148pt x 593.54799pt.
 [49 <./Kernel/Pack_com_model_piece.png>]
<Kernel/Pack_com_model_factory.png, id=852, 794.97pt x 356.83313pt>
File: Kernel/Pack_com_model_factory.png Graphic file (type png)

<use Kernel/Pack_com_model_factory.png>
Package pdftex.def Info: Kernel/Pack_com_model_factory.png used on input line 5
47.
(pdftex.def)             Requested size: 461.08293pt x 206.96335pt.
 [50 <./Kernel/Pack_com_model_view.png>]
<Kernel/Pack_com_model_factory_interfaces.png, id=859, 972.63374pt x 283.0575pt
>
File: Kernel/Pack_com_model_factory_interfaces.png Graphic file (type png)
 <use Kernel/Pack_com_model_factory_interfaces.png>
Package pdftex.def Info: Kernel/Pack_com_model_factory_interfaces.png used on i
nput line 554.
(pdftex.def)             Requested size: 437.68114pt x 127.37468pt.

<Kernel/Pack_com_model_factory_impl.png, id=860, 981.6675pt x 1803.73875pt>
File: Kernel/Pack_com_model_factory_impl.png Graphic file (type png)

<use Kernel/Pack_com_model_factory_impl.png>
Package pdftex.def Info: Kernel/Pack_com_model_factory_impl.png used on input l
ine 561.
(pdftex.def)             Requested size: 314.14001pt x 577.2082pt.
 [51 <./Kernel/Pack_com_model_factory.png> <./Kernel/Pack_com_model_factory_int
erfaces.png>]
<Kernel/Pack_com_view.png, id=869, 816.04875pt x 1168.365pt>
File: Kernel/Pack_com_view.png Graphic file (type png)

<use Kernel/Pack_com_view.png>
Package pdftex.def Info: Kernel/Pack_com_view.png used on input line 569.
(pdftex.def)             Requested size: 367.21855pt x 525.7594pt.
 [52 <./Kernel/Pack_com_model_factory_impl.png>]
<Kernel/Pack_com_view_interfaces.png, id=877, 719.68875pt x 313.17pt>
File: Kernel/Pack_com_view_interfaces.png Graphic file (type png)

<use Kernel/Pack_com_view_interfaces.png>
Package pdftex.def Info: Kernel/Pack_com_view_interfaces.png used on input line
 576.
(pdftex.def)             Requested size: 359.84349pt x 156.58461pt.
 [53 <./Kernel/Pack_com_view.png>]
<Kernel/Pack_com_view_event.png, id=884, 906.38625pt x 311.66437pt>
File: Kernel/Pack_com_view_event.png Graphic file (type png)

<use Kernel/Pack_com_view_event.png>
Package pdftex.def Info: Kernel/Pack_com_view_event.png used on input line 583.

(pdftex.def)             Requested size: 453.19202pt x 155.8318pt.

<Kernel/Pack_com_view_button.png, id=885, 816.80156pt x 1022.31938pt>
File: Kernel/Pack_com_view_button.png Graphic file (type png)

<use Kernel/Pack_com_view_button.png>
Package pdftex.def Info: Kernel/Pack_com_view_button.png used on input line 590
.
(pdftex.def)             Requested size: 416.56328pt x 521.37599pt.
 [54 <./Kernel/Pack_com_view_interfaces.png> <./Kernel/Pack_com_view_event.png>
]
<Kernel/Pack_com_controller.png, id=894, 1141.26375pt x 1041.8925pt>
File: Kernel/Pack_com_controller.png Graphic file (type png)

<use Kernel/Pack_com_controller.png>
Package pdftex.def Info: Kernel/Pack_com_controller.png used on input line 598.

(pdftex.def)             Requested size: 456.49742pt x 416.74962pt.
 [55 <./Kernel/Pack_com_view_button.png>]
<Kernel/Pack_com_controller_interfaces.png, id=901, 383.93437pt x 171.64125pt>
File: Kernel/Pack_com_controller_interfaces.png Graphic file (type png)

<use Kernel/Pack_com_controller_interfaces.png>
Package pdftex.def Info: Kernel/Pack_com_controller_interfaces.png used on inpu
t line 606.
(pdftex.def)             Requested size: 383.93343pt x 171.64081pt.
 [56 <./Kernel/Pack_com_controller.png>] <Kernel/Pack_utils.png, id=908, 909.39
75pt x 1376.14125pt>
File: Kernel/Pack_utils.png Graphic file (type png)

<use Kernel/Pack_utils.png>
Package pdftex.def Info: Kernel/Pack_utils.png used on input line 614.
(pdftex.def)             Requested size: 318.2939pt x 481.65666pt.
 [57 <./Kernel/Pack_com_controller_interfaces.png>]
<Architecture/ArtificialIntelligence.png, id=915, 1237.62375pt x 2223.80812pt>
File: Architecture/ArtificialIntelligence.png Graphic file (type png)

<use Architecture/ArtificialIntelligence.png>
Package pdftex.def Info: Architecture/ArtificialIntelligence.png used on input 
line 622.
(pdftex.def)             Requested size: 284.64748pt x 511.46512pt.
 [58 <./Kernel/Pack_utils.png>]
<Architecture/FilesManager.png, id=923, 828.09375pt x 746.79pt>
File: Architecture/FilesManager.png Graphic file (type png)

<use Architecture/FilesManager.png>
Package pdftex.def Info: Architecture/FilesManager.png used on input line 630.
(pdftex.def)             Requested size: 414.04587pt x 373.39407pt.
 [59 <./Architecture/ArtificialIntelligence.png>] <Architecture/BoardPublisher.
png, id=930, 900.36375pt x 1617.04124pt>
File: Architecture/BoardPublisher.png Graphic file (type png)

<use Architecture/BoardPublisher.png>
Package pdftex.def Info: Architecture/BoardPublisher.png used on input line 638
.
(pdftex.def)             Requested size: 306.11963pt x 549.78676pt.
 [60 <./Architecture/FilesManager.png>]
<Architecture/PdpTimer.png, id=937, 466.74374pt x 405.76593pt>
File: Architecture/PdpTimer.png Graphic file (type png)

<use Architecture/PdpTimer.png>
Package pdftex.def Info: Architecture/PdpTimer.png used on input line 646.
(pdftex.def)             Requested size: 373.3955pt x 324.61317pt.
 [61 <./Architecture/BoardPublisher.png>]
[62 <./Architecture/PdpTimer.png>]
Annexe C.
(/usr/local/texlive/2013/texmf-dist/tex/latex/listings/lstlang1.sty
File: lstlang1.sty 2004/09/05 1.3 listings language file
)
(/usr/local/texlive/2013/texmf-dist/tex/latex/listings/lstlang1.sty
File: lstlang1.sty 2004/09/05 1.3 listings language file
)
(/usr/local/texlive/2013/texmf-dist/tex/latex/listings/lstmisc.sty
File: lstmisc.sty 2007/02/22 1.4 (Carsten Heinz)
)
LaTeX Font Info:    Font shape `T1/cmtt/bx/n' in size <8> not available
(Font)              Font shape `T1/cmtt/m/n' tried instead on input line 655.
LaTeX Font Info:    Font shape `T1/cmtt/bx/n' in size <10> not available
(Font)              Font shape `T1/cmtt/m/n' tried instead on input line 695.
 [63

]
[64]
Annexe D.
<Images/capture_site.png, id=1033, 809.27344pt x 656.4525pt>
File: Images/capture_site.png Graphic file (type png)

<use Images/capture_site.png>
Package pdftex.def Info: Images/capture_site.png used on input line 740.
(pdftex.def)             Requested size: 315.61537pt x 256.01544pt.
 [65

 <./Images/capture_site.png>]
Annexe E.
<Images/posterfinal.png, id=1039, 170.3163pt x 240.9pt>
File: Images/posterfinal.png Graphic file (type png)

<use Images/posterfinal.png>
Package pdftex.def Info: Images/posterfinal.png used on input line 753.
(pdftex.def)             Requested size: 255.4738pt x 361.34909pt.
Package atveryend Info: Empty hook `BeforeClearDocument' on input line 758.
 [66

 <./Images/posterfinal.png>]
Package atveryend Info: Empty hook `AfterLastShipout' on input line 758.
 (./rapport.aux)
Package atveryend Info: Executing hook `AtVeryEndDocument' on input line 758.
Package atveryend Info: Executing hook `AtEndAfterFileList' on input line 758.
Package rerunfilecheck Info: File `rapport.out' has not changed.
(rerunfilecheck)             Checksum: 16A01414F6621B3B24E23C5F19CE7BD1;6352.
Package atveryend Info: Empty hook `AtVeryVeryEnd' on input line 758.
 ) 
Here is how much of TeX's memory you used:
 9864 strings out of 493315
 142474 string characters out of 6137904
 284343 words of memory out of 5000000
 12823 multiletter control sequences out of 15000+600000
 17856 words of font info for 43 fonts, out of 8000000 for 9000
 957 hyphenation exceptions out of 8191
 33i,11n,58p,906b,1318s stack positions out of 5000i,500n,10000p,200000b,80000s
{/usr/local/texlive/2013/texmf-dist/fonts/enc/dvips/cm-super/cm-super-t1.enc}
</usr/local/texlive/2013/texmf-dist/fonts/type1/public/amsfonts/cm/cmmi12.pfb><
/usr/local/texlive/2013/texmf-dist/fonts/type1/public/amsfonts/cm/cmsy10.pfb></
usr/local/texlive/2013/texmf-dist/fonts/type1/public/cm-super/sfbx1200.pfb></us
r/local/texlive/2013/texmf-dist/fonts/type1/public/cm-super/sfbx1440.pfb></usr/
local/texlive/2013/texmf-dist/fonts/type1/public/cm-super/sfbx1728.pfb></usr/lo
cal/texlive/2013/texmf-dist/fonts/type1/public/cm-super/sfbx2488.pfb></usr/loca
l/texlive/2013/texmf-dist/fonts/type1/public/cm-super/sfcc1200.pfb></usr/local/
texlive/2013/texmf-dist/fonts/type1/public/cm-super/sfit0800.pfb></usr/local/te
xlive/2013/texmf-dist/fonts/type1/public/cm-super/sfit1000.pfb></usr/local/texl
ive/2013/texmf-dist/fonts/type1/public/cm-super/sfrm1200.pfb></usr/local/texliv
e/2013/texmf-dist/fonts/type1/public/cm-super/sfrm1440.pfb></usr/local/texlive/
2013/texmf-dist/fonts/type1/public/cm-super/sfrm2074.pfb></usr/local/texlive/20
13/texmf-dist/fonts/type1/public/cm-super/sfti1200.pfb></usr/local/texlive/2013
/texmf-dist/fonts/type1/public/cm-super/sfti2074.pfb></usr/local/texlive/2013/t
exmf-dist/fonts/type1/public/cm-super/sftt0800.pfb></usr/local/texlive/2013/tex
mf-dist/fonts/type1/public/cm-super/sftt1000.pfb></usr/local/texlive/2013/texmf
-dist/fonts/type1/public/cm-super/sftt1200.pfb>
Output written on rapport.pdf (69 pages, 10486268 bytes).
PDF statistics:
 1170 PDF objects out of 1200 (max. 8388607)
 993 compressed objects within 10 object streams
 310 named destinations out of 1000 (max. 500000)
 885 words of extra memory for PDF output out of 10000 (max. 10000000)

