\BOOKMARK [0][-]{chapter*.3}{Introduction}{}% 1
\BOOKMARK [0][-]{chapter.1}{Analyse de l'existant}{}% 2
\BOOKMARK [1][-]{section.1.1}{\311l\351ments bibliographiques}{chapter.1}% 3
\BOOKMARK [2][-]{subsection.1.1.1}{G\351n\351ralit\351s sur les jeux d'accessibilit\351}{section.1.1}% 4
\BOOKMARK [2][-]{subsection.1.1.2}{Heuristiques et Algorithmes de force-brute}{section.1.1}% 5
\BOOKMARK [2][-]{subsection.1.1.3}{Algorithmes \351volutionnistes et r\351seaux neuraux}{section.1.1}% 6
\BOOKMARK [1][-]{section.1.2}{\311tude de l'existant}{chapter.1}% 7
\BOOKMARK [0][-]{chapter.2}{Analyse des besoins}{}% 8
\BOOKMARK [1][-]{section.2.1}{Besoins fonctionnels}{chapter.2}% 9
\BOOKMARK [2][-]{subsection.2.1.1}{Jouer une partie / mettre en pause une partie}{section.2.1}% 10
\BOOKMARK [2][-]{subsection.2.1.2}{R\351aliser une Intelligence Artificielle \(IA\) }{section.2.1}% 11
\BOOKMARK [2][-]{subsection.2.1.3}{Enregistrer une partie / Relancer une partie}{section.2.1}% 12
\BOOKMARK [2][-]{subsection.2.1.4}{Recommencer une partie \340 une certaine position}{section.2.1}% 13
\BOOKMARK [2][-]{subsection.2.1.5}{Possibilit\351 de revenir un coup en arri\350re}{section.2.1}% 14
\BOOKMARK [2][-]{subsection.2.1.6}{Fournir le manuel utilisateur du jeu \(interface et r\350gles\)}{section.2.1}% 15
\BOOKMARK [2][-]{subsection.2.1.7}{Proposer des suggestions de coups par l'IA}{section.2.1}% 16
\BOOKMARK [2][-]{subsection.2.1.8}{Chargement d\220un fichier pr\351-configur\351}{section.2.1}% 17
\BOOKMARK [2][-]{subsection.2.1.9}{Possibilit\351 de choisir la taille de la grille de jeu}{section.2.1}% 18
\BOOKMARK [2][-]{subsection.2.1.10}{Menu pour choisir le temps de r\351flexion de l\220IA}{section.2.1}% 19
\BOOKMARK [2][-]{subsection.2.1.11}{Possibilit\351 d\220\351changer les joueurs}{section.2.1}% 20
\BOOKMARK [1][-]{section.2.2}{Besoins non fonctionnels}{chapter.2}% 21
\BOOKMARK [2][-]{subsection.2.2.1}{Besoins comportementaux}{section.2.2}% 22
\BOOKMARK [2][-]{subsection.2.2.2}{Besoins organisationnels}{section.2.2}% 23
\BOOKMARK [2][-]{subsection.2.2.3}{Besoins externes}{section.2.2}% 24
\BOOKMARK [0][-]{chapter.3}{Architecture et description du logiciel}{}% 25
\BOOKMARK [1][-]{section.3.1}{Architecture du projet}{chapter.3}% 26
\BOOKMARK [2][-]{subsection.3.1.1}{Logiciel}{section.3.1}% 27
\BOOKMARK [2][-]{subsection.3.1.2}{Intelligences Artificielles}{section.3.1}% 28
\BOOKMARK [2][-]{subsection.3.1.3}{Gestionnaire de Fichier}{section.3.1}% 29
\BOOKMARK [2][-]{subsection.3.1.4}{Editeur de Plateau}{section.3.1}% 30
\BOOKMARK [2][-]{subsection.3.1.5}{BenchMark}{section.3.1}% 31
\BOOKMARK [2][-]{subsection.3.1.6}{Gestionnaire de Temps}{section.3.1}% 32
\BOOKMARK [1][-]{section.3.2}{Design patterns utilis\351s}{chapter.3}% 33
\BOOKMARK [2][-]{subsection.3.2.1}{State}{section.3.2}% 34
\BOOKMARK [2][-]{subsection.3.2.2}{Abstract Factory}{section.3.2}% 35
\BOOKMARK [2][-]{subsection.3.2.3}{Observer}{section.3.2}% 36
\BOOKMARK [2][-]{subsection.3.2.4}{Model-View-Controller}{section.3.2}% 37
\BOOKMARK [2][-]{subsection.3.2.5}{Singleton}{section.3.2}% 38
\BOOKMARK [2][-]{subsection.3.2.6}{Strategy}{section.3.2}% 39
\BOOKMARK [1][-]{section.3.3}{Heuristiques et Algorithmes de recherches de solution}{chapter.3}% 40
\BOOKMARK [2][-]{subsection.3.3.1}{Strat\351gie positionnelle}{section.3.3}% 41
\BOOKMARK [2][-]{subsection.3.3.2}{Mobilit\351}{section.3.3}% 42
\BOOKMARK [2][-]{subsection.3.3.3}{Maximisation}{section.3.3}% 43
\BOOKMARK [0][-]{chapter.4}{Fonctionnement et tests}{}% 44
\BOOKMARK [1][-]{section.4.1}{Etat du projet}{chapter.4}% 45
\BOOKMARK [2][-]{subsection.4.1.1}{Logiciel}{section.4.1}% 46
\BOOKMARK [2][-]{subsection.4.1.2}{Editeur de plateau}{section.4.1}% 47
\BOOKMARK [2][-]{subsection.4.1.3}{Aide du jeu}{section.4.1}% 48
\BOOKMARK [1][-]{section.4.2}{Am\351liorations possibles sur le projet}{chapter.4}% 49
\BOOKMARK [2][-]{subsection.4.2.1}{Interface graphique}{section.4.2}% 50
\BOOKMARK [2][-]{subsection.4.2.2}{Fichier de sauvegarde}{section.4.2}% 51
\BOOKMARK [2][-]{subsection.4.2.3}{Module \351diteur de plateau}{section.4.2}% 52
\BOOKMARK [2][-]{subsection.4.2.4}{Am\351liorations diverses}{section.4.2}% 53
\BOOKMARK [1][-]{section.4.3}{Protocoles de test}{chapter.4}% 54
\BOOKMARK [2][-]{subsection.4.3.1}{Tests unitaires}{section.4.3}% 55
\BOOKMARK [2][-]{subsection.4.3.2}{Tests d\220int\351gration}{section.4.3}% 56
\BOOKMARK [2][-]{subsection.4.3.3}{Tests fonctionnels}{section.4.3}% 57
\BOOKMARK [2][-]{subsection.4.3.4}{Tests syst\350mes}{section.4.3}% 58
\BOOKMARK [2][-]{subsection.4.3.5}{Tests non r\351alis\351s}{section.4.3}% 59
\BOOKMARK [0][-]{chapter*.17}{Conclusion}{}% 60
\BOOKMARK [0][-]{section*.20}{Annexes}{}% 61
\BOOKMARK [0][-]{appendix.A}{Prototypes papier de l'interface}{}% 62
\BOOKMARK [1][-]{section.A.1}{Prototype papier du plateau de jeu}{appendix.A}% 63
\BOOKMARK [1][-]{section.A.2}{Prototype papier du retour en arri\350re pour les coups}{appendix.A}% 64
\BOOKMARK [1][-]{section.A.3}{Prototype papier des boutons et menus}{appendix.A}% 65
\BOOKMARK [0][-]{appendix.B}{Diagrammes UML}{}% 66
\BOOKMARK [1][-]{section.B.1}{Diagramme de machine \340 \351tats}{appendix.B}% 67
\BOOKMARK [1][-]{section.B.2}{Diagramme de d\351ploiement}{appendix.B}% 68
\BOOKMARK [1][-]{section.B.3}{Diagramme des cas d'utilisation}{appendix.B}% 69
\BOOKMARK [1][-]{section.B.4}{Diagramme de classes du Logiciel}{appendix.B}% 70
\BOOKMARK [2][-]{subsection.B.4.1}{Model du logiciel}{section.B.4}% 71
\BOOKMARK [2][-]{subsection.B.4.2}{Vue du logiciel}{section.B.4}% 72
\BOOKMARK [2][-]{subsection.B.4.3}{Contr\364leur du logiciel}{section.B.4}% 73
\BOOKMARK [2][-]{subsection.B.4.4}{Utils du logiciel}{section.B.4}% 74
\BOOKMARK [1][-]{section.B.5}{Diagramme de classes Intelligence Artificielle}{appendix.B}% 75
\BOOKMARK [1][-]{section.B.6}{Diagramme de classes du gestionnaire de fichiers}{appendix.B}% 76
\BOOKMARK [1][-]{section.B.7}{Diagramme de classes de l'Editeur de plateaux}{appendix.B}% 77
\BOOKMARK [1][-]{section.B.8}{Diagramme de classes du Gestionnaire de temps}{appendix.B}% 78
\BOOKMARK [0][-]{appendix.C}{Pseudo-codes d'algorithmes}{}% 79
\BOOKMARK [1][-]{section.C.1}{Algorithme MiniMax}{appendix.C}% 80
\BOOKMARK [1][-]{section.C.2}{Algorithme Alpha-Beta}{appendix.C}% 81
\BOOKMARK [0][-]{appendix.D}{Site Web}{}% 82
\BOOKMARK [0][-]{appendix.E}{Poster}{}% 83
